<?xml version="1.0" encoding="UTF-8" ?>
<testsuite tests="33" failures="0" name="com.cucumber.runner.RunCukesTest" time="0.032" errors="4" skipped="4">
  <properties>
[...]
</properties>
  <testcase classname="| user1 | password123 |" name="Given User is Launching Browser" time="0"/>
  <testcase classname="| user1 | password123 |" name="When User Navigate to Login Page" time="0"/>
  <testcase classname="| user1 | password123 |" name="And User entered invalid user Name as &quot;User1&quot;" time="0.008">
    <error type="java.lang.NullPointerException">java.lang.NullPointerException
	at com.cucumber.stepdefinitions.InvalidLogin_Login_Steps.user_entered_invalid_user_Name_as(InvalidLogin_Login_Steps.java:40)
	at ✽.And User entered invalid user Name as &quot;User1&quot;(InvalidLogin_Test.feature:9)
</error>
  </testcase>
  <testcase classname="| user1 | password123 |" name="| user1 | password123 |" time="0.008">
    <error type="java.lang.NullPointerException">java.lang.NullPointerException
	at com.cucumber.stepdefinitions.InvalidLogin_Login_Steps.user_entered_invalid_user_Name_as(InvalidLogin_Login_Steps.java:40)
	at ✽.And User entered invalid user Name as &quot;User1&quot;(InvalidLogin_Test.feature:9)
</error>
  </testcase>
  <testcase classname="| user1 | password123 |" name="And User entered invalid user Password as &quot;Password1&quot;" time="0.008">
    <skipped/>
  </testcase>
  <testcase classname="| user1 | password123 |" name="Then Message displayed Login error" time="0.008">
    <skipped/>
  </testcase>
  <testcase classname="Scenario: Successfully Login to the Application" name="Given User is Launching Browser" time="0"/>
  <testcase classname="Scenario: Successfully Login to the Application" name="When User Navigate to Login Page" time="0"/>
  <testcase classname="Scenario: Successfully Login to the Application" name="And User entered valid UserName" time="0"/>
  <testcase classname="Scenario: Successfully Login to the Application" name="And User entered valid UserPassword" time="0"/>
  <testcase classname="Scenario: Successfully Login to the Application" name="Then Message displayed Login Successfully" time="0"/>
  <testcase classname="Scenario: Successfully Login to the Application" name="Scenario: Successfully Login to the Application" time="0"/>
  <testcase classname="Scenario: Verifying Home Page" name="When User makes collection of links" time="0"/>
  <testcase classname="Scenario: Verifying Home Page" name="Then Verifying the Links on HomePage" time="0"/>
  <testcase classname="Scenario: Verifying Home Page" name="Scenario: Verifying Home Page" time="0"/>
  <testcase classname="Scenario: Successfully Logout" name="When User LogOut from the Application" time="0"/>
  <testcase classname="Scenario: Successfully Logout" name="Then Message displayed LogOut Successfully" time="0"/>
  <testcase classname="Scenario: Successfully Logout" name="Scenario: Successfully Logout" time="0"/>
  <testcase classname="Scenario: Successfully Login to the Application" name="Given User is Launching Browser" time="0"/>
  <testcase classname="Scenario: Successfully Login to the Application" name="When User Navigate to Login Page" time="0"/>
  <testcase classname="Scenario: Successfully Login to the Application" name="And User entered valid UserName" time="0"/>
  <testcase classname="Scenario: Successfully Login to the Application" name="And User entered valid UserPassword" time="0"/>
  <testcase classname="Scenario: Successfully Login to the Application" name="Then Message displayed Login Successfully" time="0"/>
  <testcase classname="Scenario: Successfully Login to the Application" name="Scenario: Successfully Login to the Application" time="0"/>
  <testcase classname="Scenario: Creating New Account" name="Given User click on New Customer link" time="0"/>
  <testcase classname="Scenario: Creating New Account" name="When I read the excel file" time="0"/>
  <testcase classname="Scenario: Creating New Account" name="Then I access worksheet" time="0"/>
  <testcase classname="Scenario: Creating New Account" name="Then I access Rows and Cells" time="0"/>
  <testcase classname="Scenario: Creating New Account" name="Then I convert the sheet data into hash with keys as column headers" time="0"/>
  <testcase classname="Scenario: Creating New Account" name="When I fill the form with data from excel" time="0">
    <error type="java.lang.NullPointerException">java.lang.NullPointerException
	at com.cucumber.stepdefinitions.Create_New_Customer_Test_Steps.i_fill_the_form_with_data_from_excel(Create_New_Customer_Test_Steps.java:141)
	at ✽.When I fill the form with data from excel(NewCustomer.feature:20)
</error>
  </testcase>
  <testcase classname="Scenario: Creating New Account" name="Scenario: Creating New Account" time="0">
    <error type="java.lang.NullPointerException">java.lang.NullPointerException
	at com.cucumber.stepdefinitions.Create_New_Customer_Test_Steps.i_fill_the_form_with_data_from_excel(Create_New_Customer_Test_Steps.java:141)
	at ✽.When I fill the form with data from excel(NewCustomer.feature:20)
</error>
  </testcase>
  <testcase classname="Scenario: Creating New Account" name="Then I click on submit button" time="0">
    <skipped/>
  </testcase>
  <testcase classname="Scenario: Creating New Account" name="Then Message displayed customer  record created successfully" time="0">
    <skipped/>
  </testcase>
</testsuite>